<?xml version="1.0" encoding="UTF-8"?>
<testsuite name="fibonacci.TimingTestForAllFibonacciTypes" tests="1" skipped="0" failures="0" errors="0" timestamp="2016-03-31T19:35:09" hostname="DESKTOP-FSUCAJD" time="11.313">
  <properties/>
  <testcase name="compareTimingsForCalculatingPosition30" classname="fibonacci.TimingTestForAllFibonacciTypes" time="11.313"/>
  <system-out><![CDATA[]]></system-out>
  <system-err><![CDATA[]]></system-err>
</testsuite>
